Resuming Training
Building datasets...
Finished loading data. Discovered 5 classes:
missing_ramp, null, obstruction, ramp, sfc_problem

Using dataloader that supplies 12 extra features.

Beginning Training on 5546 train and 1441 test images.
Epoch 0/19
----------
train Loss: 2.2318 Acc: 0.6156
test Loss: 2.6153 Acc: 0.7502
Class Precision and Recall on Test Data
null                078.52% 089.83%
sfc_problem         074.70% 049.21%
missing_ramp        066.85% 061.42%
obstruction         055.17% 018.82%
ramp                069.91% 069.60%
Best model so far. Saving to seattle_pt_20ep_re18_2ff2.pt


Epoch 1/19
----------
train Loss: 1.8802 Acc: 0.6998
test Loss: 2.1978 Acc: 0.7613
Class Precision and Recall on Test Data
null                083.72% 084.86%
obstruction         050.91% 032.94%
ramp                069.92% 075.77%
missing_ramp        064.68% 071.57%
sfc_problem         068.57% 057.14%
Best model so far. Saving to seattle_pt_20ep_re18_2ff2.pt


Epoch 2/19
----------
train Loss: 1.6535 Acc: 0.7353
test Loss: 1.3774 Acc: 0.7821
Class Precision and Recall on Test Data
ramp                072.36% 078.41%
null                085.80% 087.72%
missing_ramp        068.45% 071.57%
sfc_problem         061.72% 062.70%
obstruction         059.46% 025.88%
Best model so far. Saving to seattle_pt_20ep_re18_2ff2.pt


Epoch 3/19
----------
train Loss: 1.5959 Acc: 0.7420
test Loss: 1.7116 Acc: 0.7974
Class Precision and Recall on Test Data
null                080.74% 094.67%
sfc_problem         079.76% 053.17%
missing_ramp        076.27% 068.53%
ramp                083.89% 066.52%
obstruction         060.00% 038.82%
Best model so far. Saving to seattle_pt_20ep_re18_2ff2.pt


Epoch 4/19
----------
train Loss: 1.7626 Acc: 0.7548
test Loss: 1.7403 Acc: 0.7849
Class Precision and Recall on Test Data
null                082.48% 089.95%
ramp                072.31% 077.09%
missing_ramp        069.52% 074.11%
obstruction         084.21% 018.82%
sfc_problem         075.82% 054.76%


Epoch 5/19
----------
train Loss: 1.6695 Acc: 0.7640
test Loss: 1.3439 Acc: 0.7904
Class Precision and Recall on Test Data
sfc_problem         076.29% 058.73%
ramp                065.94% 080.18%
null                086.20% 088.34%
missing_ramp        070.00% 074.62%
obstruction         075.00% 028.24%


Epoch 6/19
----------
train Loss: 1.6012 Acc: 0.7622
test Loss: 2.3075 Acc: 0.7932
Class Precision and Recall on Test Data
null                087.06% 088.46%
missing_ramp        069.95% 075.63%
ramp                067.28% 080.62%
obstruction         055.17% 037.65%
sfc_problem         083.54% 052.38%


Epoch 7/19
----------
train Loss: 0.8378 Acc: 0.7818
test Loss: 0.7095 Acc: 0.8092
Class Precision and Recall on Test Data
ramp                074.27% 078.85%
null                085.33% 090.94%
sfc_problem         075.76% 059.52%
obstruction         062.26% 038.82%
missing_ramp        077.25% 074.11%
Best model so far. Saving to seattle_pt_20ep_re18_2ff2.pt


Epoch 8/19
----------
train Loss: 0.6388 Acc: 0.7959
test Loss: 0.7732 Acc: 0.8085
Class Precision and Recall on Test Data
null                087.02% 090.69%
sfc_problem         074.51% 060.32%
missing_ramp        075.00% 073.10%
ramp                070.93% 080.62%
obstruction         063.27% 036.47%


Epoch 9/19
----------
train Loss: 0.6518 Acc: 0.7964
test Loss: 0.6733 Acc: 0.8105
Class Precision and Recall on Test Data
sfc_problem         077.45% 062.70%
missing_ramp        076.72% 073.60%
obstruction         063.27% 036.47%
null                085.43% 090.94%
ramp                074.07% 079.30%
Best model so far. Saving to seattle_pt_20ep_re18_2ff2.pt


Epoch 10/19
----------
train Loss: 0.6605 Acc: 0.7937
test Loss: 0.6186 Acc: 0.8050
Class Precision and Recall on Test Data
null                086.52% 089.21%
ramp                073.90% 081.06%
obstruction         057.89% 038.82%
sfc_problem         076.29% 058.73%
missing_ramp        072.46% 076.14%


Epoch 11/19
----------
train Loss: 0.6372 Acc: 0.7952
test Loss: 0.6982 Acc: 0.8126
Class Precision and Recall on Test Data
obstruction         065.96% 036.47%
null                086.47% 091.19%
missing_ramp        080.79% 072.59%
ramp                073.90% 081.06%
sfc_problem         066.10% 061.90%
Best model so far. Saving to seattle_pt_20ep_re18_2ff2.pt


Epoch 12/19
----------
train Loss: 0.6005 Acc: 0.8006
test Loss: 0.6086 Acc: 0.8140
Class Precision and Recall on Test Data
null                087.39% 089.45%
sfc_problem         077.57% 065.87%
ramp                071.81% 081.94%
missing_ramp        077.25% 074.11%
obstruction         060.66% 043.53%
Best model so far. Saving to seattle_pt_20ep_re18_2ff2.pt


Epoch 13/19
----------
train Loss: 0.6116 Acc: 0.8072
test Loss: 0.6346 Acc: 0.8154
Class Precision and Recall on Test Data
sfc_problem         071.19% 066.67%
null                088.44% 089.21%
ramp                075.30% 081.94%
obstruction         054.93% 045.88%
missing_ramp        076.56% 074.62%
Best model so far. Saving to seattle_pt_20ep_re18_2ff2.pt


Epoch 14/19
----------
train Loss: 0.5678 Acc: 0.8040
test Loss: 0.5736 Acc: 0.8126
Class Precision and Recall on Test Data
null                085.65% 091.07%
ramp                074.79% 079.74%
missing_ramp        076.44% 074.11%
obstruction         067.31% 041.18%
sfc_problem         075.76% 059.52%


Epoch 15/19
----------
train Loss: 0.5477 Acc: 0.8107
test Loss: 0.5804 Acc: 0.8182
Class Precision and Recall on Test Data
null                086.42% 091.56%
sfc_problem         075.96% 062.70%
ramp                073.91% 082.38%
missing_ramp        078.26% 073.10%
obstruction         067.39% 036.47%
Best model so far. Saving to seattle_pt_20ep_re18_2ff2.pt


Epoch 16/19
----------
train Loss: 0.5567 Acc: 0.8083
test Loss: 0.5743 Acc: 0.8175
Class Precision and Recall on Test Data
null                084.55% 093.05%
missing_ramp        079.66% 071.57%
ramp                076.69% 079.74%
sfc_problem         077.42% 057.14%
obstruction         070.83% 040.00%


Epoch 17/19
----------
train Loss: 0.5436 Acc: 0.8100
test Loss: 0.5714 Acc: 0.8175
Class Precision and Recall on Test Data
missing_ramp        078.69% 073.10%
null                086.74% 091.69%
ramp                071.88% 081.06%
sfc_problem         075.24% 062.70%
obstruction         071.11% 037.65%


Epoch 18/19
----------
train Loss: 0.5518 Acc: 0.8063
test Loss: 0.5656 Acc: 0.8161
Class Precision and Recall on Test Data
sfc_problem         073.45% 065.87%
missing_ramp        075.77% 074.62%
null                086.70% 090.57%
ramp                075.41% 081.06%
obstruction         066.67% 037.65%


Epoch 19/19
----------
train Loss: 0.5540 Acc: 0.8074
test Loss: 0.5599 Acc: 0.8237
Class Precision and Recall on Test Data
missing_ramp        078.38% 073.60%
ramp                076.35% 081.06%
null                086.38% 092.06%
obstruction         066.67% 044.71%
sfc_problem         078.79% 061.90%
Best model so far. Saving to seattle_pt_20ep_re18_2ff2.pt



Training complete in 88m 48s
Best test Acc: 0.823734
