Resuming Training
Building datasets...
Computing initial dataset directory 0 of 3 at /home/gweld/centered_crops_subset_with_meta/train
Computing additional dataset directory 1 of 3 at /home/gweld/seattle_cc_researchers_partitioned/train
	Main classes:('missing_ramp', 'null', 'obstruction', 'ramp', 'sfc_problem')
	Secondary classes:('missing_ramp', 'null', 'obstruction', 'ramp', 'sfc_problem')
Found 5603 additional images.
Computing additional dataset directory 2 of 3 at /home/gweld/newberg_cc_researchers_partitioned/train
	Main classes:('missing_ramp', 'null', 'obstruction', 'ramp', 'sfc_problem')
	Secondary classes:('missing_ramp', 'null', 'obstruction', 'ramp', 'sfc_problem')
Found 2835 additional images.
Computing initial dataset directory 0 of 3 at /home/gweld/centered_crops_subset_with_meta/test
Computing additional dataset directory 1 of 3 at /home/gweld/seattle_cc_researchers_partitioned/test
	Main classes:('missing_ramp', 'null', 'obstruction', 'ramp', 'sfc_problem')
	Secondary classes:('missing_ramp', 'null', 'obstruction', 'ramp', 'sfc_problem')
Found 1373 additional images.
Computing additional dataset directory 2 of 3 at /home/gweld/newberg_cc_researchers_partitioned/test
	Main classes:('missing_ramp', 'null', 'obstruction', 'ramp', 'sfc_problem')
	Secondary classes:('missing_ramp', 'null', 'obstruction', 'ramp', 'sfc_problem')
Found 673 additional images.
Finished loading data. Discovered 5 classes:
missing_ramp, null, obstruction, ramp, sfc_problem

Using dataloader that supplies 12 extra features.

Beginning Training on 173753 train and 22507 test images.
Epoch 0/19
----------
train Loss: 0.5076 Acc: 0.8522
test Loss: 0.5237 Acc: 0.8701
Class Precision and Recall on Test Data
ramp                091.42% 095.78%
missing_ramp        066.41% 067.13%
obstruction         083.59% 071.24%
sfc_problem         070.23% 056.28%
null                085.59% 076.85%
Best model so far. Saving to three_cities_20ep_re18_2ff2.pt


Epoch 1/19
----------
train Loss: 0.4898 Acc: 0.8555
test Loss: 0.4417 Acc: 0.8732
Class Precision and Recall on Test Data
missing_ramp        068.80% 064.17%
ramp                091.56% 095.66%
sfc_problem         074.21% 052.68%
obstruction         080.26% 077.32%
null                085.72% 079.52%
Best model so far. Saving to three_cities_20ep_re18_2ff2.pt


Epoch 2/19
----------
train Loss: 0.4892 Acc: 0.8570
test Loss: 0.5838 Acc: 0.8754
Class Precision and Recall on Test Data
ramp                090.91% 096.86%
obstruction         083.21% 076.22%
missing_ramp        072.25% 062.55%
null                082.68% 082.80%
sfc_problem         076.69% 039.73%
Best model so far. Saving to three_cities_20ep_re18_2ff2.pt


Epoch 3/19
----------
train Loss: 0.4818 Acc: 0.8589
test Loss: 0.4985 Acc: 0.8752
Class Precision and Recall on Test Data
ramp                092.15% 095.43%
obstruction         078.49% 078.15%
null                089.23% 078.29%
sfc_problem         067.65% 055.79%
missing_ramp        069.85% 066.59%


Epoch 4/19
----------
train Loss: 0.4745 Acc: 0.8597
test Loss: 0.8257 Acc: 0.8776
Class Precision and Recall on Test Data
ramp                091.86% 096.15%
missing_ramp        069.09% 066.95%
obstruction         083.12% 072.73%
sfc_problem         071.91% 056.09%
null                086.59% 081.21%
Best model so far. Saving to three_cities_20ep_re18_2ff2.pt


Epoch 5/19
----------
train Loss: 0.4791 Acc: 0.8602
test Loss: 0.4573 Acc: 0.8773
Class Precision and Recall on Test Data
ramp                090.15% 097.33%
obstruction         085.72% 072.42%
null                083.72% 082.65%
missing_ramp        075.80% 061.61%
sfc_problem         078.03% 047.71%


Epoch 6/19
----------
train Loss: 0.4716 Acc: 0.8618
test Loss: 0.4988 Acc: 0.8760
Class Precision and Recall on Test Data
obstruction         081.29% 075.00%
sfc_problem         070.42% 057.25%
ramp                092.81% 095.12%
null                082.09% 083.52%
missing_ramp        068.62% 067.44%


Epoch 7/19
----------
train Loss: 0.3996 Acc: 0.8697
test Loss: 0.3881 Acc: 0.8808
Class Precision and Recall on Test Data
ramp                092.39% 095.78%
missing_ramp        069.56% 068.12%
sfc_problem         071.79% 055.01%
obstruction         084.75% 076.05%
null                084.41% 083.11%
Best model so far. Saving to three_cities_20ep_re18_2ff2.pt


Epoch 8/19
----------
train Loss: 0.3878 Acc: 0.8721
test Loss: 0.3799 Acc: 0.8813
Class Precision and Recall on Test Data
ramp                092.61% 095.72%
null                084.92% 082.96%
obstruction         085.64% 074.04%
missing_ramp        068.49% 068.61%
sfc_problem         071.36% 060.66%
Best model so far. Saving to three_cities_20ep_re18_2ff2.pt


Epoch 9/19
----------
train Loss: 0.3834 Acc: 0.8733
test Loss: 0.3809 Acc: 0.8829
Class Precision and Recall on Test Data
ramp                092.17% 096.36%
missing_ramp        071.44% 066.95%
null                084.68% 082.60%
obstruction         084.71% 075.31%
sfc_problem         073.63% 056.28%
Best model so far. Saving to three_cities_20ep_re18_2ff2.pt


Epoch 10/19
----------
train Loss: 0.3842 Acc: 0.8730
test Loss: 0.3857 Acc: 0.8820
Class Precision and Recall on Test Data
ramp                092.62% 095.70%
obstruction         084.16% 076.40%
missing_ramp        072.24% 066.14%
null                082.32% 084.39%
sfc_problem         070.09% 059.79%


Epoch 11/19
----------
train Loss: 0.3802 Acc: 0.8745
test Loss: 0.3744 Acc: 0.8829
Class Precision and Recall on Test Data
ramp                092.29% 096.22%
null                083.27% 084.55%
missing_ramp        072.25% 066.19%
obstruction         082.56% 077.40%
sfc_problem         077.00% 051.51%


Epoch 12/19
----------
train Loss: 0.3789 Acc: 0.8749
test Loss: 0.3733 Acc: 0.8844
Class Precision and Recall on Test Data
ramp                092.17% 096.38%
null                084.97% 082.70%
missing_ramp        072.48% 067.04%
obstruction         085.26% 075.83%
sfc_problem         072.94% 057.74%
Best model so far. Saving to three_cities_20ep_re18_2ff2.pt


Epoch 13/19
----------
train Loss: 0.3790 Acc: 0.8745
test Loss: 0.3713 Acc: 0.8833
Class Precision and Recall on Test Data
missing_ramp        071.14% 067.53%
obstruction         083.40% 076.44%
ramp                092.44% 096.16%
null                084.60% 083.73%
sfc_problem         074.53% 054.14%


Epoch 14/19
----------
train Loss: 0.3691 Acc: 0.8767
test Loss: 0.3660 Acc: 0.8849
Class Precision and Recall on Test Data
obstruction         083.90% 077.67%
null                085.08% 083.16%
ramp                092.53% 096.12%
missing_ramp        071.42% 067.53%
sfc_problem         074.71% 056.67%
Best model so far. Saving to three_cities_20ep_re18_2ff2.pt


Epoch 15/19
----------
train Loss: 0.3696 Acc: 0.8767
test Loss: 0.3669 Acc: 0.8844
Class Precision and Recall on Test Data
ramp                092.42% 096.22%
obstruction         084.68% 075.61%
null                087.19% 081.78%
missing_ramp        070.81% 068.52%
sfc_problem         071.66% 059.10%


Epoch 16/19
----------
train Loss: 0.3695 Acc: 0.8767
test Loss: 0.3659 Acc: 0.8843
Class Precision and Recall on Test Data
ramp                092.28% 096.22%
missing_ramp        072.33% 066.68%
null                084.61% 083.83%
sfc_problem         073.12% 056.67%
obstruction         084.78% 076.66%


Epoch 17/19
----------
train Loss: 0.3691 Acc: 0.8776
test Loss: 0.3625 Acc: 0.8853
Class Precision and Recall on Test Data
missing_ramp        072.36% 067.00%
ramp                092.39% 096.33%
obstruction         084.15% 077.05%
null                085.37% 083.26%
sfc_problem         073.52% 056.77%
Best model so far. Saving to three_cities_20ep_re18_2ff2.pt


Epoch 18/19
----------
train Loss: 0.3701 Acc: 0.8768
test Loss: 0.3602 Acc: 0.8862
Class Precision and Recall on Test Data
ramp                092.66% 096.22%
null                083.90% 084.80%
obstruction         084.01% 077.14%
sfc_problem         070.83% 059.10%
missing_ramp        074.16% 066.10%
Best model so far. Saving to three_cities_20ep_re18_2ff2.pt


Epoch 19/19
----------
train Loss: 0.3696 Acc: 0.8774
test Loss: 0.3641 Acc: 0.8843
Class Precision and Recall on Test Data
ramp                092.54% 096.06%
missing_ramp        071.74% 067.27%
null                084.38% 083.78%
obstruction         084.67% 076.75%
sfc_problem         072.02% 057.64%



Training complete in 1825m 17s
Best test Acc: 0.886213
